Performing C SOURCE FILE Test COMPILER_HAS_THOSE_TOGGLES failed with the following output:
Change Dir: C:/Users/cedri/Desktop/EPI_IndieStudio/out/build/x64-Debug/CMakeFiles/CMakeTmp

Run Build Command(s):D:/visual studio/2022/Common7/IDE/CommonExtensions/Microsoft/CMake/Ninja/ninja.exe cmTC_e71ab && [1/2] Building C object CMakeFiles\cmTC_e71ab.dir\src.c.obj
FAILED: CMakeFiles/cmTC_e71ab.dir/src.c.obj 
"D:\visual studio\2022\VC\Tools\MSVC\14.32.31326\bin\Hostx64\x64\cl.exe"  /nologo -DCOMPILER_HAS_THOSE_TOGGLES  /DWIN32 /D_WINDOWS  /Zi /Ob0 /Od /RTC1 -MDd   -Werror=pointer-arith /showIncludes /FoCMakeFiles\cmTC_e71ab.dir\src.c.obj /FdCMakeFiles\cmTC_e71ab.dir\ /FS -c C:\Users\cedri\Desktop\EPI_IndieStudio\out\build\x64-Debug\CMakeFiles\CMakeTmp\src.c
cl : Ligne de commande error D8021 : argument numérique non valide '/Werror=pointer-arith'
ninja: build stopped: subcommand failed.


Source file was:
int main(void) { return 0; }
Determining if the include file pthread.h exists failed with the following output:
Change Dir: C:/Users/cedri/Desktop/EPI_IndieStudio/out/build/x64-Debug/CMakeFiles/CMakeTmp

Run Build Command(s):D:/visual studio/2022/Common7/IDE/CommonExtensions/Microsoft/CMake/Ninja/ninja.exe cmTC_7d965 && [1/2] Building C object CMakeFiles\cmTC_7d965.dir\CheckIncludeFile.c.obj
FAILED: CMakeFiles/cmTC_7d965.dir/CheckIncludeFile.c.obj 
"D:\visual studio\2022\VC\Tools\MSVC\14.32.31326\bin\Hostx64\x64\cl.exe"  /nologo   /DWIN32 /D_WINDOWS  /Zi /Ob0 /Od /RTC1 -MDd /showIncludes /FoCMakeFiles\cmTC_7d965.dir\CheckIncludeFile.c.obj /FdCMakeFiles\cmTC_7d965.dir\ /FS -c C:\Users\cedri\Desktop\EPI_IndieStudio\out\build\x64-Debug\CMakeFiles\CMakeTmp\CheckIncludeFile.c
C:\Users\cedri\Desktop\EPI_IndieStudio\out\build\x64-Debug\CMakeFiles\CMakeTmp\CheckIncludeFile.c(1): fatal error C1083: Impossible d'ouvrir le fichier include : 'pthread.h' : No such file or directory
ninja: build stopped: subcommand failed.



